<?xml version="1.0" encoding="UTF-8"?>
<testsuite name="com.gmail.byelenka.addressbook.tests.GroupCreationTests" tests="4" skipped="0" failures="0" errors="0" timestamp="2018-11-22T21:06:19" hostname="Viktor-AcerPC" time="12.261">
  <properties/>
  <testcase name="testBadGroupCreation" classname="com.gmail.byelenka.addressbook.tests.GroupCreationTests" time="2.877"/>
  <testcase name="testGroupCreation[0](GroupData{id='2147483647', name='test 0'})" classname="com.gmail.byelenka.addressbook.tests.GroupCreationTests" time="2.893"/>
  <testcase name="testGroupCreation[1](GroupData{id='2147483647', name='test 1'})" classname="com.gmail.byelenka.addressbook.tests.GroupCreationTests" time="2.936"/>
  <testcase name="testGroupCreation[2](GroupData{id='2147483647', name='test 2'})" classname="com.gmail.byelenka.addressbook.tests.GroupCreationTests" time="3.425"/>
  <system-out><![CDATA[]]></system-out>
  <system-err><![CDATA[]]></system-err>
</testsuite>
